# JRE version: OpenJDK Runtime Environment (8.0_112-b06) (build 1.8.0_112-release-b06)
# Java VM: OpenJDK 64-Bit Server VM (25.112-b06 mixed mode linux-amd64 compressed oops)
Heap:
 PSYoungGen      total 350720K, used 28004K [0x00000000e0000000, 0x00000000fce80000, 0x0000000100000000)
  eden space 240128K, 0% used [0x00000000e0000000,0x00000000e0000000,0x00000000eea80000)
  from space 110592K, 25% used [0x00000000eea80000,0x00000000f05d9168,0x00000000f5680000)
  to   space 110080K, 0% used [0x00000000f6300000,0x00000000f6300000,0x00000000fce80000)
 ParOldGen       total 255488K, used 255347K [0x00000000a0000000, 0x00000000af980000, 0x00000000e0000000)
  object space 255488K, 99% used [0x00000000a0000000,0x00000000af95cec0,0x00000000af980000)
 Metaspace       used 91116K, capacity 95966K, committed 96640K, reserved 1134592K
  class space    used 11422K, capacity 12206K, committed 12416K, reserved 1048576K
GC Heap History (10 events):
Event: 4045.147 GC heap after
Heap after GC invocations=25 (full 3):
 PSYoungGen      total 288256K, used 44030K [0x00000000e0000000, 0x00000000f7400000, 0x0000000100000000)
  eden space 244224K, 0% used [0x00000000e0000000,0x00000000e0000000,0x00000000eee80000)
  from space 44032K, 99% used [0x00000000f2f00000,0x00000000f59ffa50,0x00000000f5a00000)
  to   space 66048K, 0% used [0x00000000eee80000,0x00000000eee80000,0x00000000f2f00000)
 ParOldGen       total 126464K, used 126450K [0x00000000a0000000, 0x00000000a7b80000, 0x00000000e0000000)
  object space 126464K, 99% used [0x00000000a0000000,0x00000000a7b7c888,0x00000000a7b80000)
 Metaspace       used 82161K, capacity 86727K, committed 86912K, reserved 1124352K
  class space    used 10549K, capacity 11367K, committed 11392K, reserved 1048576K
}
Event: 4045.158 GC heap before
{Heap before GC invocations=26 (full 4):
 PSYoungGen      total 288256K, used 44030K [0x00000000e0000000, 0x00000000f7400000, 0x0000000100000000)
  eden space 244224K, 0% used [0x00000000e0000000,0x00000000e0000000,0x00000000eee80000)
  from space 44032K, 99% used [0x00000000f2f00000,0x00000000f59ffa50,0x00000000f5a00000)
  to   space 66048K, 0% used [0x00000000eee80000,0x00000000eee80000,0x00000000f2f00000)
 ParOldGen       total 126464K, used 126450K [0x00000000a0000000, 0x00000000a7b80000, 0x00000000e0000000)
  object space 126464K, 99% used [0x00000000a0000000,0x00000000a7b7c888,0x00000000a7b80000)
 Metaspace       used 82161K, capacity 86727K, committed 86912K, reserved 1124352K
  class space    used 10549K, capacity 11367K, committed 11392K, reserved 1048576K
Event: 4045.750 GC heap after
Heap after GC invocations=26 (full 4):
 PSYoungGen      total 288256K, used 11638K [0x00000000e0000000, 0x00000000f7400000, 0x0000000100000000)
  eden space 244224K, 0% used [0x00000000e0000000,0x00000000e0000000,0x00000000eee80000)
  from space 44032K, 26% used [0x00000000f2f00000,0x00000000f3a5d830,0x00000000f5a00000)
  to   space 66048K, 0% used [0x00000000eee80000,0x00000000eee80000,0x00000000f2f00000)
 ParOldGen       total 229376K, used 126204K [0x00000000a0000000, 0x00000000ae000000, 0x00000000e0000000)
  object space 229376K, 55% used [0x00000000a0000000,0x00000000a7b3f120,0x00000000ae000000)
 Metaspace       used 80609K, capacity 84222K, committed 86912K, reserved 1124352K
  class space    used 10194K, capacity 10792K, committed 11392K, reserved 1048576K
}
Event: 4304.079 GC heap before
{Heap before GC invocations=27 (full 4):
 PSYoungGen      total 288256K, used 255862K [0x00000000e0000000, 0x00000000f7400000, 0x0000000100000000)
  eden space 244224K, 100% used [0x00000000e0000000,0x00000000eee80000,0x00000000eee80000)
  from space 44032K, 26% used [0x00000000f2f00000,0x00000000f3a5d830,0x00000000f5a00000)
  to   space 66048K, 0% used [0x00000000eee80000,0x00000000eee80000,0x00000000f2f00000)
 ParOldGen       total 229376K, used 126204K [0x00000000a0000000, 0x00000000ae000000, 0x00000000e0000000)
  object space 229376K, 55% used [0x00000000a0000000,0x00000000a7b3f120,0x00000000ae000000)
 Metaspace       used 83752K, capacity 87420K, committed 89216K, reserved 1126400K
  class space    used 10534K, capacity 11155K, committed 11648K, reserved 1048576K
Event: 4304.191 GC heap after
Heap after GC invocations=27 (full 4):
 PSYoungGen      total 310272K, used 66028K [0x00000000e0000000, 0x00000000fa400000, 0x0000000100000000)
  eden space 244224K, 0% used [0x00000000e0000000,0x00000000e0000000,0x00000000eee80000)
  from space 66048K, 99% used [0x00000000eee80000,0x00000000f2efb028,0x00000000f2f00000)
  to   space 79360K, 0% used [0x00000000f5680000,0x00000000f5680000,0x00000000fa400000)
 ParOldGen       total 229376K, used 131076K [0x00000000a0000000, 0x00000000ae000000, 0x00000000e0000000)
  object space 229376K, 57% used [0x00000000a0000000,0x00000000a8001208,0x00000000ae000000)
 Metaspace       used 83752K, capacity 87420K, committed 89216K, reserved 1126400K
  class space    used 10534K, capacity 11155K, committed 11648K, reserved 1048576K
}
Event: 4532.138 GC heap before
{Heap before GC invocations=28 (full 4):
 PSYoungGen      total 310272K, used 309666K [0x00000000e0000000, 0x00000000fa400000, 0x0000000100000000)
  eden space 244224K, 99% used [0x00000000e0000000,0x00000000eededa68,0x00000000eee80000)
  from space 66048K, 99% used [0x00000000eee80000,0x00000000f2efb028,0x00000000f2f00000)
  to   space 79360K, 0% used [0x00000000f5680000,0x00000000f5680000,0x00000000fa400000)
 ParOldGen       total 229376K, used 131076K [0x00000000a0000000, 0x00000000ae000000, 0x00000000e0000000)
  object space 229376K, 57% used [0x00000000a0000000,0x00000000a8001208,0x00000000ae000000)
 Metaspace       used 86987K, capacity 91020K, committed 92544K, reserved 1130496K
  class space    used 10885K, capacity 11541K, committed 11904K, reserved 1048576K
Event: 4532.341 GC heap after
Heap after GC invocations=28 (full 4):
 PSYoungGen      total 319488K, used 79340K [0x00000000e0000000, 0x00000000fdc80000, 0x0000000100000000)
  eden space 240128K, 0% used [0x00000000e0000000,0x00000000e0000000,0x00000000eea80000)
  from space 79360K, 99% used [0x00000000f5680000,0x00000000fa3fb050,0x00000000fa400000)
  to   space 110592K, 0% used [0x00000000eea80000,0x00000000eea80000,0x00000000f5680000)
 ParOldGen       total 229376K, used 176228K [0x00000000a0000000, 0x00000000ae000000, 0x00000000e0000000)
  object space 229376K, 76% used [0x00000000a0000000,0x00000000aac192c8,0x00000000ae000000)
 Metaspace       used 86987K, capacity 91020K, committed 92544K, reserved 1130496K
  class space    used 10885K, capacity 11541K, committed 11904K, reserved 1048576K
}
Event: 5002.516 GC heap before
{Heap before GC invocations=29 (full 4):
 PSYoungGen      total 319488K, used 319468K [0x00000000e0000000, 0x00000000fdc80000, 0x0000000100000000)
  eden space 240128K, 100% used [0x00000000e0000000,0x00000000eea80000,0x00000000eea80000)
  from space 79360K, 99% used [0x00000000f5680000,0x00000000fa3fb050,0x00000000fa400000)
  to   space 110592K, 0% used [0x00000000eea80000,0x00000000eea80000,0x00000000f5680000)
 ParOldGen       total 229376K, used 176228K [0x00000000a0000000, 0x00000000ae000000, 0x00000000e0000000)
  object space 229376K, 76% used [0x00000000a0000000,0x00000000aac192c8,0x00000000ae000000)
 Metaspace       used 91157K, capacity 96104K, committed 96640K, reserved 1134592K
  class space    used 11432K, capacity 12249K, committed 12416K, reserved 1048576K
Event: 5002.687 GC heap after
Heap after GC invocations=29 (full 4):
 PSYoungGen      total 350720K, used 55408K [0x00000000e0000000, 0x00000000fce80000, 0x0000000100000000)
  eden space 240128K, 0% used [0x00000000e0000000,0x00000000e0000000,0x00000000eea80000)
  from space 110592K, 50% used [0x00000000eea80000,0x00000000f209c058,0x00000000f5680000)
  to   space 110080K, 0% used [0x00000000f6300000,0x00000000f6300000,0x00000000fce80000)
 ParOldGen       total 255488K, used 254247K [0x00000000a0000000, 0x00000000af980000, 0x00000000e0000000)
  object space 255488K, 99% used [0x00000000a0000000,0x00000000af849fa8,0x00000000af980000)
 Metaspace       used 91157K, capacity 96104K, committed 96640K, reserved 1134592K
  class space    used 11432K, capacity 12249K, committed 12416K, reserved 1048576K
}
Event: 5002.687 GC heap before
{Heap before GC invocations=30 (full 5):
 PSYoungGen      total 350720K, used 55408K [0x00000000e0000000, 0x00000000fce80000, 0x0000000100000000)
  eden space 240128K, 0% used [0x00000000e0000000,0x00000000e0000000,0x00000000eea80000)
  from space 110592K, 50% used [0x00000000eea80000,0x00000000f209c058,0x00000000f5680000)
  to   space 110080K, 0% used [0x00000000f6300000,0x00000000f6300000,0x00000000fce80000)
 ParOldGen       total 255488K, used 254247K [0x00000000a0000000, 0x00000000af980000, 0x00000000e0000000)
  object space 255488K, 99% used [0x00000000a0000000,0x00000000af849fa8,0x00000000af980000)
 Metaspace       used 91157K, capacity 96104K, committed 96640K, reserved 1134592K
  class space    used 11432K, capacity 12249K, committed 12416K, reserved 1048576K

